\BOOKMARK [2][-]{section*.1}{\376\377\000M\000e\000t\000a\000d\000a\000t\000a\000\040\000O\000v\000e\000r\000v\000i\000e\000w}{}% 1
\BOOKMARK [2][-]{section*.2}{\376\377\000K\000e\000y\000w\000o\000r\000d\000s}{}% 2
\BOOKMARK [1][-]{section*.3}{\376\377\000\050\0001\000\051\000\040\000O\000v\000e\000r\000v\000i\000e\000w}{}% 3
\BOOKMARK [2][-]{section*.4}{\376\377\000I\000n\000t\000r\000o\000d\000u\000c\000t\000i\000o\000n}{section*.3}% 4
\BOOKMARK [2][-]{section*.5}{\376\377\000R\000e\000l\000a\000t\000e\000d\000\040\000S\000y\000s\000t\000e\000m\000s}{section*.3}% 5
\BOOKMARK [1][-]{section*.6}{\376\377\000\050\0002\000\051\000\040\000O\000v\000e\000r\000a\000l\000l\000\040\000I\000m\000p\000l\000e\000m\000e\000n\000t\000a\000t\000i\000o\000n\000\040\000a\000n\000d\000\040\000D\000e\000s\000i\000g\000n}{}% 6
\BOOKMARK [2][-]{section*.7}{\376\377\000D\000o\000n\000o\000r\000\040\000v\000e\000h\000i\000c\000l\000e}{section*.6}% 7
\BOOKMARK [2][-]{section*.8}{\376\377\000M\000e\000c\000h\000a\000n\000i\000c\000a\000l\000\040\000M\000o\000d\000i\000f\000i\000c\000a\000t\000i\000o\000n\000\040\000f\000o\000r\000\040\000S\000t\000e\000e\000r\000i\000n\000g}{section*.6}% 8
\BOOKMARK [2][-]{section*.11}{\376\377\000E\000l\000e\000c\000t\000r\000o\000n\000i\000c\000s}{section*.6}% 9
\BOOKMARK [2][-]{section*.14}{\376\377\000S\000t\000e\000e\000r\000i\000n\000g\000\040\000A\000u\000t\000o\000m\000a\000t\000i\000o\000n\000\040\000S\000y\000s\000t\000e\000m}{section*.6}% 10
\BOOKMARK [2][-]{section*.16}{\376\377\000S\000p\000e\000e\000d\000\040\000C\000o\000n\000t\000r\000o\000l\000l\000e\000r\000\040\000A\000u\000t\000o\000m\000a\000t\000i\000o\000n\000\040\000S\000y\000s\000t\000e\000m}{section*.6}% 11
\BOOKMARK [2][-]{section*.19}{\376\377\000S\000o\000f\000t\000w\000a\000r\000e\000\040\000I\000n\000t\000e\000r\000f\000a\000c\000e\000\040\000\050\000R\000O\000S\000\051}{section*.6}% 12
\BOOKMARK [2][-]{section*.20}{\376\377\0003\000D\000\040\000L\000i\000d\000a\000r\000\040\000S\000e\000n\000s\000o\000r}{section*.6}% 13
\BOOKMARK [2][-]{section*.21}{\376\377\000H\000i\000g\000h\000-\000L\000e\000v\000e\000l\000\040\000A\000u\000t\000o\000m\000a\000t\000i\000o\000n\000\040\000S\000o\000f\000t\000w\000a\000r\000e}{section*.6}% 14
\BOOKMARK [3][-]{section*.22}{\376\377\000L\000o\000c\000a\000l\000i\000s\000a\000t\000i\000o\000n\000\040\000a\000n\000d\000\040\000M\000a\000p\000p\000i\000n\000g\000\040\000S\000y\000s\000t\000e\000m}{section*.21}% 15
\BOOKMARK [3][-]{section*.23}{\376\377\000P\000a\000t\000h\000\040\000P\000l\000a\000n\000n\000i\000n\000g\000\040\000a\000n\000d\000\040\000C\000o\000n\000t\000r\000o\000l}{section*.21}% 16
\BOOKMARK [3][-]{section*.24}{\376\377\000P\000e\000d\000e\000s\000t\000r\000i\000a\000n\000\040\000D\000e\000t\000e\000c\000t\000i\000o\000n\000\040\000a\000n\000d\000\040\000T\000r\000a\000c\000k\000i\000n\000g}{section*.21}% 17
\BOOKMARK [2][-]{section*.25}{\376\377\000S\000i\000m\000u\000l\000a\000t\000i\000o\000n}{section*.6}% 18
\BOOKMARK [1][-]{section*.29}{\376\377\000\050\0003\000\051\000\040\000Q\000u\000a\000l\000i\000t\000y\000\040\000C\000o\000n\000t\000r\000o\000l}{}% 19
\BOOKMARK [2][-]{section*.30}{\376\377\000S\000a\000f\000e\000t\000y}{section*.29}% 20
\BOOKMARK [2][-]{section*.36}{\376\377\000G\000e\000n\000e\000r\000a\000l\000\040\000t\000e\000s\000t\000i\000n\000g}{section*.29}% 21
\BOOKMARK [1][-]{section*.37}{\376\377\000\050\0004\000\051\000\040\000A\000p\000p\000l\000i\000c\000a\000t\000i\000o\000n}{}% 22
\BOOKMARK [2][-]{section*.38}{\376\377\000U\000s\000e\000\040\000c\000a\000s\000e\000s}{section*.37}% 23
\BOOKMARK [3][-]{section*.39}{\376\377\000A\000u\000t\000o\000n\000o\000m\000o\000u\000s\000\040\000V\000e\000h\000i\000c\000l\000e\000\040\000R\000e\000s\000e\000a\000r\000c\000h}{section*.38}% 24
\BOOKMARK [3][-]{section*.42}{\376\377\000H\000u\000m\000a\000n\000-\000R\000o\000b\000o\000t\000\040\000I\000n\000t\000e\000r\000a\000c\000t\000i\000o\000n\000s}{section*.38}% 25
\BOOKMARK [3][-]{section*.43}{\376\377\000T\000r\000a\000n\000s\000p\000o\000r\000t\000a\000t\000i\000o\000n\000\040\000e\000.\000g\000.\000\040\000L\000a\000s\000t\000-\000M\000i\000l\000e\000\040\000D\000e\000l\000i\000v\000e\000r\000y}{section*.38}% 26
\BOOKMARK [2][-]{section*.45}{\376\377\000R\000e\000u\000s\000e\000\040\000p\000o\000t\000e\000n\000t\000i\000a\000l\000\040\000a\000n\000d\000\040\000a\000d\000a\000p\000t\000a\000b\000i\000l\000i\000t\000y}{section*.37}% 27
\BOOKMARK [1][-]{section*.46}{\376\377\000\050\0005\000\051\000\040\000B\000u\000i\000l\000d\000\040\000D\000e\000t\000a\000i\000l\000s}{}% 28
\BOOKMARK [2][-]{section*.47}{\376\377\000A\000v\000a\000i\000l\000a\000b\000i\000l\000i\000t\000y\000\040\000o\000f\000\040\000m\000a\000t\000e\000r\000i\000a\000l\000s\000\040\000a\000n\000d\000\040\000m\000e\000t\000h\000o\000d\000s}{section*.46}% 29
\BOOKMARK [2][-]{section*.48}{\376\377\000E\000a\000s\000e\000\040\000o\000f\000\040\000b\000u\000i\000l\000d}{section*.46}% 30
\BOOKMARK [2][-]{section*.49}{\376\377\000O\000p\000e\000r\000a\000t\000i\000n\000g\000\040\000s\000o\000f\000t\000w\000a\000r\000e\000\040\000a\000n\000d\000\040\000p\000e\000r\000i\000p\000h\000e\000r\000a\000l\000s}{section*.46}% 31
\BOOKMARK [2][-]{section*.50}{\376\377\000H\000a\000r\000d\000w\000a\000r\000e\000\040\000d\000o\000c\000u\000m\000e\000n\000t\000a\000t\000i\000o\000n\000\040\000a\000n\000d\000\040\000f\000i\000l\000e\000s\000\040\000l\000o\000c\000a\000t\000i\000o\000n\000:}{section*.46}% 32
\BOOKMARK [1][-]{section*.51}{\376\377\000\050\0006\000\051\000\040\000D\000i\000s\000c\000u\000s\000s\000i\000o\000n}{}% 33
\BOOKMARK [2][-]{section*.52}{\376\377\000C\000o\000n\000c\000l\000u\000s\000i\000o\000n\000s}{section*.51}% 34
\BOOKMARK [2][-]{section*.53}{\376\377\000F\000u\000t\000u\000r\000e\000\040\000W\000o\000r\000k}{section*.51}% 35
